#! /usr/bin/vvp
:ivl_version "11.0 (stable)";
:ivl_delay_selection "TYPICAL";
:vpi_time_precision + 0;
:vpi_module "/usr/lib/x86_64-linux-gnu/ivl/system.vpi";
:vpi_module "/usr/lib/x86_64-linux-gnu/ivl/vhdl_sys.vpi";
:vpi_module "/usr/lib/x86_64-linux-gnu/ivl/vhdl_textio.vpi";
:vpi_module "/usr/lib/x86_64-linux-gnu/ivl/v2005_math.vpi";
:vpi_module "/usr/lib/x86_64-linux-gnu/ivl/va_math.vpi";
S_0x563a56e4def0 .scope module, "tb_immediate_extractor" "tb_immediate_extractor" 2 1;
 .timescale 0 0;
v0x563a56e62120_0 .net/s "imm64", 63 0, v0x563a56e4e260_0;  1 drivers
v0x563a56e62210_0 .var "instruction", 31 0;
S_0x563a56e4e080 .scope module, "uut" "immediate_extractor" 2 5, 3 1 0, S_0x563a56e4def0;
 .timescale 0 0;
    .port_info 0 /INPUT 32 "instruction";
    .port_info 1 /OUTPUT 64 "imm64";
v0x563a56e4e260_0 .var/s "imm64", 63 0;
v0x563a56e61f20_0 .net "instruction", 31 0, v0x563a56e62210_0;  1 drivers
v0x563a56e62000_0 .net "opcode", 6 0, L_0x563a56e622e0;  1 drivers
E_0x563a56e4bcc0 .event edge, v0x563a56e62000_0, v0x563a56e61f20_0;
L_0x563a56e622e0 .part v0x563a56e62210_0, 0, 7;
    .scope S_0x563a56e4e080;
T_0 ;
    %wait E_0x563a56e4bcc0;
    %load/vec4 v0x563a56e62000_0;
    %dup/vec4;
    %pushi/vec4 35, 0, 7;
    %cmp/u;
    %jmp/1 T_0.0, 6;
    %dup/vec4;
    %pushi/vec4 3, 0, 7;
    %cmp/u;
    %jmp/1 T_0.1, 6;
    %pushi/vec4 0, 0, 64;
    %store/vec4 v0x563a56e4e260_0, 0, 64;
    %jmp T_0.3;
T_0.0 ;
    %load/vec4 v0x563a56e61f20_0;
    %parti/s 1, 31, 6;
    %replicate 52;
    %load/vec4 v0x563a56e61f20_0;
    %parti/s 7, 25, 6;
    %concat/vec4; draw_concat_vec4
    %load/vec4 v0x563a56e61f20_0;
    %parti/s 5, 7, 4;
    %concat/vec4; draw_concat_vec4
    %store/vec4 v0x563a56e4e260_0, 0, 64;
    %jmp T_0.3;
T_0.1 ;
    %load/vec4 v0x563a56e61f20_0;
    %parti/s 1, 31, 6;
    %replicate 52;
    %load/vec4 v0x563a56e61f20_0;
    %parti/s 12, 20, 6;
    %concat/vec4; draw_concat_vec4
    %store/vec4 v0x563a56e4e260_0, 0, 64;
    %jmp T_0.3;
T_0.3 ;
    %pop/vec4 1;
    %jmp T_0;
    .thread T_0, $push;
    .scope S_0x563a56e4def0;
T_1 ;
    %pushi/vec4 2257924003, 0, 32;
    %store/vec4 v0x563a56e62210_0, 0, 32;
    %delay 10, 0;
    %vpi_call 2 14 "$display", "SD Instruction: %b", v0x563a56e62210_0 {0 0 0};
    %vpi_call 2 15 "$display", "Extracted Immediate (64-bit): %b", v0x563a56e62120_0 {0 0 0};
    %pushi/vec4 2167040003, 0, 32;
    %store/vec4 v0x563a56e62210_0, 0, 32;
    %delay 10, 0;
    %vpi_call 2 20 "$display", "LD Instruction: %b", v0x563a56e62210_0 {0 0 0};
    %vpi_call 2 21 "$display", "Extracted Immediate (64-bit): %b", v0x563a56e62120_0 {0 0 0};
    %pushi/vec4 4271186048, 0, 32;
    %store/vec4 v0x563a56e62210_0, 0, 32;
    %delay 10, 0;
    %vpi_call 2 26 "$display", "Unknown Instruction: %b", v0x563a56e62210_0 {0 0 0};
    %vpi_call 2 27 "$display", "Extracted Immediate (64-bit): %b", v0x563a56e62120_0 {0 0 0};
    %vpi_call 2 29 "$finish" {0 0 0};
    %end;
    .thread T_1;
# The file index is used to find the file name in the following table.
:file_names 4;
    "N/A";
    "<interactive>";
    "immed_tb.v";
    "immed.v";
